info: logger log server up and running on port : 4000 {"timestamp":"10/23/2021, 6:11:00 PM"}
info: logger log server up and running on port : 4000 {"timestamp":"10/23/2021, 6:11:26 PM"}
info: logger log server up and running on port : 4000 {"timestamp":"10/23/2021, 6:11:34 PM"}
info: logger log server up and running on port : 4000 {"timestamp":"10/23/2021, 6:11:48 PM"}
info: logger log server up and running on port : 4000 {"timestamp":"10/23/2021, 6:11:52 PM"}
error: Kullanıcı Kayıt Sırasında Hata : {"error":{"code":"ER_NO_SUCH_TABLE","errno":1146,"index":0,"sql":"INSERT INTO `shoplershopdb`.`userstable` (`username`, `password`) VALUES ('kayıtolcam', 'sd')","sqlMessage":"Table 'shoplershopdb.userstable' doesn't exist","sqlState":"42S02"},"reqbody":{"password":"sd","username":"kayıtolcam"},"timestamp":"10/23/2021, 6:12:03 PM"}
info: logger log server up and running on port : 4000 {"timestamp":"10/23/2021, 6:30:46 PM"}
info: Kullanıcı Kaydı Başarılı :  {"reqbody":{"password":"asdasd","username":"asdasdasd"},"timestamp":"10/23/2021, 6:30:55 PM"}
info: logger log server up and running on port : 4000 {"timestamp":"10/23/2021, 6:32:05 PM"}
info: server up and running on port : 4000 {"timestamp":"10/23/2021, 6:32:42 PM"}
info: server up and running on port : 4000 {"timestamp":"10/23/2021, 6:32:47 PM"}
info: server up and running on port : 4000 {"timestamp":"2/20/2022, 9:32:54 PM"}
info: server up and running on port : 4000 {"timestamp":"2/20/2022, 9:33:59 PM"}
info: server up and running on port : 4000 {"timestamp":"2/20/2022, 9:35:44 PM"}
info: server up and running on port : 4000 {"timestamp":"2/20/2022, 9:47:43 PM"}
info: server up and running on port : 4000 {"timestamp":"2/20/2022, 9:49:46 PM"}
info: server up and running on port : 4000 {"timestamp":"2/20/2022, 9:59:35 PM"}
info: server up and running on port : 4000 {"timestamp":"2/20/2022, 10:05:07 PM"}
info: server up and running on port : 4000 {"timestamp":"2/20/2022, 10:09:34 PM"}
info: server up and running on port : 4000 {"timestamp":"2/20/2022, 10:12:34 PM"}
info: server up and running on port : 4000 {"timestamp":"2/20/2022, 10:13:22 PM"}
info: server up and running on port : 4000 {"timestamp":"2/20/2022, 10:13:36 PM"}
info: server up and running on port : 4000 {"timestamp":"2/20/2022, 10:13:39 PM"}
info: server up and running on port : 4000 {"timestamp":"2/20/2022, 10:13:44 PM"}
info: server up and running on port : 4000 {"timestamp":"2/20/2022, 10:15:21 PM"}
info: server up and running on port : 4000 {"timestamp":"2/20/2022, 10:15:29 PM"}
info: server up and running on port : 4000 {"timestamp":"2/20/2022, 10:15:40 PM"}
info: server up and running on port : 4000 {"timestamp":"2/20/2022, 10:23:00 PM"}
info: server up and running on port : 4000 {"timestamp":"2/20/2022, 10:32:09 PM"}
info: server up and running on port : 4000 {"timestamp":"2/20/2022, 10:33:27 PM"}
info: server up and running on port : 4000 {"timestamp":"2/20/2022, 10:33:35 PM"}
info: server up and running on port : 4000 {"timestamp":"2/20/2022, 10:33:42 PM"}
info: server up and running on port : 4000 {"timestamp":"2/20/2022, 10:33:57 PM"}
info: server up and running on port : 4000 {"timestamp":"2/20/2022, 10:34:05 PM"}
info: server up and running on port : 4000 {"timestamp":"2/20/2022, 10:34:08 PM"}
info: server up and running on port : 4000 {"timestamp":"2/20/2022, 10:34:10 PM"}
info: server up and running on port : 4000 {"timestamp":"2/20/2022, 10:34:47 PM"}
info: server up and running on port : 4000 {"timestamp":"2/20/2022, 10:34:54 PM"}
info: server up and running on port : 4000 {"timestamp":"2/20/2022, 10:37:52 PM"}
info: server up and running on port : 4000 {"timestamp":"2/20/2022, 10:39:17 PM"}
info: server up and running on port : 4000 {"timestamp":"2/20/2022, 10:41:59 PM"}
info: server up and running on port : 4000 {"timestamp":"2/20/2022, 10:43:10 PM"}
info: server up and running on port : 4000 {"timestamp":"2/20/2022, 10:43:41 PM"}
info: server up and running on port : 4000 {"timestamp":"2/20/2022, 10:43:44 PM"}
info: server up and running on port : 4000 {"timestamp":"2/20/2022, 10:44:10 PM"}
info: server up and running on port : 4000 {"timestamp":"2/20/2022, 10:46:00 PM"}
info: server up and running on port : 4000 {"timestamp":"2/20/2022, 10:46:13 PM"}
info: server up and running on port : 4000 {"timestamp":"2/20/2022, 10:46:26 PM"}
info: server up and running on port : 4000 {"timestamp":"2/20/2022, 10:47:25 PM"}
info: server up and running on port : 4000 {"timestamp":"2/20/2022, 10:47:40 PM"}
info: server up and running on port : 4000 {"timestamp":"2/20/2022, 10:49:34 PM"}
info: server up and running on port : 4000 {"timestamp":"2/20/2022, 10:50:00 PM"}
info: server up and running on port : 4000 {"timestamp":"2/20/2022, 10:51:42 PM"}
info: server up and running on port : 4000 {"timestamp":"2/20/2022, 10:52:44 PM"}
info: server up and running on port : 4000 {"timestamp":"2/20/2022, 10:53:16 PM"}
info: server up and running on port : 4000 {"timestamp":"2/20/2022, 10:53:55 PM"}
info: server up and running on port : 4000 {"timestamp":"2/20/2022, 10:55:07 PM"}
info: server up and running on port : 4000 {"timestamp":"2/20/2022, 10:55:37 PM"}
info: server up and running on port : 4000 {"timestamp":"2/20/2022, 10:57:28 PM"}
info: server up and running on port : 4000 {"timestamp":"2/20/2022, 11:01:57 PM"}
info: server up and running on port : 4000 {"timestamp":"2/20/2022, 11:54:32 PM"}
info: server up and running on port : 4000 {"timestamp":"2/20/2022, 11:56:39 PM"}
info: server up and running on port : 4000 {"timestamp":"2/20/2022, 11:57:21 PM"}
info: server up and running on port : 4000 {"timestamp":"2/20/2022, 11:57:25 PM"}
info: server up and running on port : 4000 {"timestamp":"2/20/2022, 11:58:12 PM"}
info: server up and running on port : 4000 {"timestamp":"2/20/2022, 11:58:42 PM"}
info: server up and running on port : 4000 {"timestamp":"2/20/2022, 11:59:20 PM"}
info: server up and running on port : 4000 {"timestamp":"2/21/2022, 12:00:43 AM"}
info: server up and running on port : 4000 {"timestamp":"2/21/2022, 12:02:01 AM"}
info: server up and running on port : 4000 {"timestamp":"2/21/2022, 12:04:36 AM"}
info: server up and running on port : 4000 {"timestamp":"2/21/2022, 12:06:20 AM"}
info: server up and running on port : 4000 {"timestamp":"2/21/2022, 12:06:33 AM"}
info: server up and running on port : 4000 {"timestamp":"2/21/2022, 12:07:37 AM"}
info: server up and running on port : 4000 {"timestamp":"2/21/2022, 12:08:07 AM"}
info: server up and running on port : 4000 {"timestamp":"2/21/2022, 12:10:43 AM"}
info: server up and running on port : 4000 {"timestamp":"2/21/2022, 12:10:59 AM"}
info: server up and running on port : 4000 {"timestamp":"2/21/2022, 12:12:38 AM"}
info: server up and running on port : 4000 {"timestamp":"2/21/2022, 12:12:52 AM"}
info: server up and running on port : 4000 {"timestamp":"2/21/2022, 12:14:09 AM"}
info: server up and running on port : 4000 {"timestamp":"2/21/2022, 12:16:40 AM"}
info: server up and running on port : 4000 {"timestamp":"2/21/2022, 12:19:05 AM"}
info: server up and running on port : 4000 {"timestamp":"2/21/2022, 12:20:27 AM"}
info: server up and running on port : 4000 {"timestamp":"2/21/2022, 12:20:36 AM"}
info: server up and running on port : 4000 {"timestamp":"2/21/2022, 12:21:15 AM"}
info: server up and running on port : 4000 {"timestamp":"2/21/2022, 12:21:35 AM"}
info: server up and running on port : 4000 {"timestamp":"2/21/2022, 12:22:02 AM"}
info: server up and running on port : 4000 {"timestamp":"2/21/2022, 12:23:15 AM"}
info: server up and running on port : 4000 {"timestamp":"2/21/2022, 12:23:59 AM"}
info: server up and running on port : 4000 {"timestamp":"2/21/2022, 12:25:10 AM"}
info: server up and running on port : 4000 {"timestamp":"2/21/2022, 12:26:40 AM"}
info: server up and running on port : 4000 {"timestamp":"2/21/2022, 12:27:02 AM"}
info: server up and running on port : 4000 {"timestamp":"2/21/2022, 12:27:13 AM"}
info: server up and running on port : 4000 {"timestamp":"2/21/2022, 12:27:30 AM"}
info: server up and running on port : 4000 {"timestamp":"2/21/2022, 12:27:38 AM"}
info: server up and running on port : 4000 {"timestamp":"2/21/2022, 12:28:48 AM"}
info: server up and running on port : 4000 {"timestamp":"2/21/2022, 12:36:35 AM"}
info: server up and running on port : 4000 {"timestamp":"2/21/2022, 12:42:13 AM"}
info: server up and running on port : 4000 {"timestamp":"2/21/2022, 12:45:30 AM"}
info: server up and running on port : 4000 {"timestamp":"2/21/2022, 12:45:37 AM"}
info: server up and running on port : 4000 {"timestamp":"2/21/2022, 12:46:09 AM"}
info: server up and running on port : 4000 {"timestamp":"2/21/2022, 12:58:59 AM"}
info: server up and running on port : 4000 {"timestamp":"2/21/2022, 1:02:17 AM"}
info: server up and running on port : 4000 {"timestamp":"2/21/2022, 1:46:12 AM"}
info: server up and running on port : 4000 {"timestamp":"2/21/2022, 1:50:38 AM"}
info: server up and running on port : 4000 {"timestamp":"2/22/2022, 11:15:09 PM"}
info: server up and running on port : 4000 {"timestamp":"2/22/2022, 11:42:40 PM"}
info: server up and running on port : 4000 {"timestamp":"2/22/2022, 11:55:23 PM"}
info: server up and running on port : 4000 {"timestamp":"2/23/2022, 12:01:51 AM"}
info: server up and running on port : 4000 {"timestamp":"2/23/2022, 12:04:32 AM"}
info: server up and running on port : 4000 {"timestamp":"2/23/2022, 12:10:59 AM"}
info: server up and running on port : 4000 {"timestamp":"2/24/2022, 10:46:55 PM"}
info: server up and running on port : 4000 {"timestamp":"2/24/2022, 10:48:22 PM"}
info: server up and running on port : 4000 {"timestamp":"2/24/2022, 11:26:57 PM"}
info: server up and running on port : 4000 {"timestamp":"2/24/2022, 11:27:59 PM"}
info: server up and running on port : 4000 {"timestamp":"2/24/2022, 11:29:11 PM"}
info: server up and running on port : 5050 {"timestamp":"2/25/2022, 12:03:46 AM"}
info: server up and running on port : 5050 {"timestamp":"2/25/2022, 12:07:25 AM"}
